{"uid":"c6db2f45d2937310","name":"setUpClass","fullName":"io.cucumber.testng.AbstractTestNGCucumberTests.setUpClass","historyId":"c2a3f4fe642965b056d8db6d70c45f63","time":{"start":1732541519134,"stop":1732541519136,"duration":2},"status":"broken","statusMessage":"path must exist: C:\\Users\\Vitwend\\IdeaProjects\\Automation_Selenium\\src\\test\\java\\regression\\regressionmaster.feature","statusTrace":"java.lang.IllegalArgumentException: path must exist: C:\\Users\\Vitwend\\IdeaProjects\\Automation_Selenium\\src\\test\\java\\regression\\regressionmaster.feature\r\n\tat io.cucumber.core.resource.PathScanner.findResourcesForPath(PathScanner.java:49)\r\n\tat io.cucumber.core.resource.PathScanner.findResourcesForUri(PathScanner.java:31)\r\n\tat io.cucumber.core.resource.ResourceScanner.findResourcesForUri(ResourceScanner.java:61)\r\n\tat io.cucumber.core.resource.ResourceScanner.scanForResourcesUri(ResourceScanner.java:134)\r\n\tat io.cucumber.core.runtime.FeaturePathFeatureSupplier.loadFeatures(FeaturePathFeatureSupplier.java:62)\r\n\tat io.cucumber.core.runtime.FeaturePathFeatureSupplier.get(FeaturePathFeatureSupplier.java:45)\r\n\tat io.cucumber.testng.TestNGCucumberRunner.<init>(TestNGCucumberRunner.java:122)\r\n\tat io.cucumber.testng.AbstractTestNGCucumberTests.setUpClass(AbstractTestNGCucumberTests.java:27)\r\n\tat java.base/jdk.internal.reflect.DirectMethodHandleAccessor.invoke(DirectMethodHandleAccessor.java:103)\r\n\tat java.base/java.lang.reflect.Method.invoke(Method.java:580)\r\n\tat org.testng.internal.invokers.MethodInvocationHelper.invokeMethod(MethodInvocationHelper.java:141)\r\n\tat org.testng.internal.invokers.MethodInvocationHelper.invokeMethodConsideringTimeout(MethodInvocationHelper.java:71)\r\n\tat org.testng.internal.invokers.ConfigInvoker.invokeConfigurationMethod(ConfigInvoker.java:400)\r\n\tat org.testng.internal.invokers.ConfigInvoker.invokeConfigurations(ConfigInvoker.java:333)\r\n\tat org.testng.internal.invokers.TestMethodWorker.invokeBeforeClassMethods(TestMethodWorker.java:188)\r\n\tat org.testng.internal.invokers.TestMethodWorker.run(TestMethodWorker.java:128)\r\n\tat java.base/java.util.ArrayList.forEach(ArrayList.java:1597)\r\n\tat org.testng.TestRunner.privateRun(TestRunner.java:739)\r\n\tat org.testng.TestRunner.run(TestRunner.java:614)\r\n\tat org.testng.SuiteRunner.runTest(SuiteRunner.java:421)\r\n\tat org.testng.SuiteRunner$SuiteWorker.run(SuiteRunner.java:463)\r\n\tat org.testng.internal.thread.ThreadUtil.lambda$execute$0(ThreadUtil.java:64)\r\n\tat java.base/java.util.concurrent.FutureTask.run(FutureTask.java:317)\r\n\tat java.base/java.util.concurrent.ThreadPoolExecutor.runWorker(ThreadPoolExecutor.java:1144)\r\n\tat java.base/java.util.concurrent.ThreadPoolExecutor$Worker.run(ThreadPoolExecutor.java:642)\r\n\tat java.base/java.lang.Thread.run(Thread.java:1575)\r\n","flaky":false,"newFailed":false,"newBroken":false,"newPassed":false,"retriesCount":1,"retriesStatusChange":false,"beforeStages":[{"name":"setUpClass","time":{"start":1732541518939,"stop":1732541519071,"duration":132},"description":"","status":"broken","statusMessage":"path must exist: C:\\Users\\Vitwend\\IdeaProjects\\Automation_Selenium\\src\\test\\java\\regression\\regressionmaster.feature","statusTrace":"java.lang.IllegalArgumentException: path must exist: C:\\Users\\Vitwend\\IdeaProjects\\Automation_Selenium\\src\\test\\java\\regression\\regressionmaster.feature\r\n\tat io.cucumber.core.resource.PathScanner.findResourcesForPath(PathScanner.java:49)\r\n\tat io.cucumber.core.resource.PathScanner.findResourcesForUri(PathScanner.java:31)\r\n\tat io.cucumber.core.resource.ResourceScanner.findResourcesForUri(ResourceScanner.java:61)\r\n\tat io.cucumber.core.resource.ResourceScanner.scanForResourcesUri(ResourceScanner.java:134)\r\n\tat io.cucumber.core.runtime.FeaturePathFeatureSupplier.loadFeatures(FeaturePathFeatureSupplier.java:62)\r\n\tat io.cucumber.core.runtime.FeaturePathFeatureSupplier.get(FeaturePathFeatureSupplier.java:45)\r\n\tat io.cucumber.testng.TestNGCucumberRunner.<init>(TestNGCucumberRunner.java:122)\r\n\tat io.cucumber.testng.AbstractTestNGCucumberTests.setUpClass(AbstractTestNGCucumberTests.java:27)\r\n\tat java.base/jdk.internal.reflect.DirectMethodHandleAccessor.invoke(DirectMethodHandleAccessor.java:103)\r\n\tat java.base/java.lang.reflect.Method.invoke(Method.java:580)\r\n\tat org.testng.internal.invokers.MethodInvocationHelper.invokeMethod(MethodInvocationHelper.java:141)\r\n\tat org.testng.internal.invokers.MethodInvocationHelper.invokeMethodConsideringTimeout(MethodInvocationHelper.java:71)\r\n\tat org.testng.internal.invokers.ConfigInvoker.invokeConfigurationMethod(ConfigInvoker.java:400)\r\n\tat org.testng.internal.invokers.ConfigInvoker.invokeConfigurations(ConfigInvoker.java:333)\r\n\tat org.testng.internal.invokers.TestMethodWorker.invokeBeforeClassMethods(TestMethodWorker.java:188)\r\n\tat org.testng.internal.invokers.TestMethodWorker.run(TestMethodWorker.java:128)\r\n\tat java.base/java.util.ArrayList.forEach(ArrayList.java:1597)\r\n\tat org.testng.TestRunner.privateRun(TestRunner.java:739)\r\n\tat org.testng.TestRunner.run(TestRunner.java:614)\r\n\tat org.testng.SuiteRunner.runTest(SuiteRunner.java:421)\r\n\tat org.testng.SuiteRunner$SuiteWorker.run(SuiteRunner.java:463)\r\n\tat org.testng.internal.thread.ThreadUtil.lambda$execute$0(ThreadUtil.java:64)\r\n\tat java.base/java.util.concurrent.FutureTask.run(FutureTask.java:317)\r\n\tat java.base/java.util.concurrent.ThreadPoolExecutor.runWorker(ThreadPoolExecutor.java:1144)\r\n\tat java.base/java.util.concurrent.ThreadPoolExecutor$Worker.run(ThreadPoolExecutor.java:642)\r\n\tat java.base/java.lang.Thread.run(Thread.java:1575)\r\n","steps":[],"attachments":[],"parameters":[],"hasContent":true,"shouldDisplayMessage":true,"attachmentsCount":0,"attachmentStep":false,"stepsCount":0}],"afterStages":[{"name":"tearDownClass","time":{"start":1732541519224,"stop":1732541519224,"duration":0},"description":"","status":"passed","steps":[],"attachments":[],"parameters":[],"hasContent":false,"shouldDisplayMessage":false,"attachmentsCount":0,"attachmentStep":false,"stepsCount":0}],"labels":[{"name":"package","value":"testrunner.TestRunner"},{"name":"testClass","value":"testrunner.TestRunner"},{"name":"testMethod","value":"setUpClass"},{"name":"parentSuite","value":"Parallel Browser Suite"},{"name":"suite","value":"Chrome Test"},{"name":"subSuite","value":"testrunner.TestRunner"},{"name":"host","value":"OKLTCQPR5T33"},{"name":"thread","value":"22092@OKLTCQPR5T33.TestNG-tests-1(30)"},{"name":"framework","value":"testng"},{"name":"language","value":"java"},{"name":"AS_ID","value":"-1"},{"name":"resultFormat","value":"allure2"}],"parameters":[{"name":"browser","value":"chrome"}],"links":[],"hidden":false,"retry":false,"extra":{"severity":"normal","retries":[{"uid":"99837f4daefb4723","status":"broken","statusDetails":"path must exist: C:\\Users\\Vitwend\\IdeaProjects\\Automation_Selenium\\src\\test\\java\\regression\\regressionmaster.feature","time":{"start":1732541324980,"stop":1732541324981,"duration":1}}],"categories":[{"name":"Test defects","matchedStatuses":[],"flaky":false}],"tags":[]},"source":"c6db2f45d2937310.json","parameterValues":["chrome"]}